<?xml version="1.0" encoding="UTF-8"?>
<!-- Generated by org.testng.reporters.JUnitReportReporter -->
<testsuite hostname="CLI-NBL-20-0304" failures="0" tests="1" name="SumValidation" time="0.961" errors="0" timestamp="2021-01-06T07:30:07 IST" skipped="0">
  <testcase classname="SumValidation" name="sumOfCourses" time="0.961"/>
  <system-out/>
</testsuite> <!-- SumValidation -->
